<?xml version="1.0" encoding="UTF-8"?>
<!-- Generated by org.testng.reporters.JUnitReportReporter -->
<testsuite skipped="0" hostname="DESKTOP-PVK6Q71" name="com.Booking.Project.Tests" tests="10" failures="0" timestamp="23 июл 2017 23:45:18 GMT" time="267.465" errors="0">
  <testcase name="verifyOfSearchResult" time="24.013" classname="com.Booking.Project.Tests"/>
  <testcase name="verifyOfSearchResult" time="28.550" classname="com.Booking.Project.Tests"/>
  <testcase name="verifyOfSearchResult" time="24.540" classname="com.Booking.Project.Tests"/>
  <testcase name="verifyOfSearchResult" time="23.705" classname="com.Booking.Project.Tests"/>
  <testcase name="verifyOfSearchResult" time="27.072" classname="com.Booking.Project.Tests"/>
  <testcase name="verifyOfSearchResult" time="24.961" classname="com.Booking.Project.Tests"/>
  <testcase name="verifyOfSearchResult" time="39.759" classname="com.Booking.Project.Tests"/>
  <testcase name="verifyOfSearchResult" time="37.187" classname="com.Booking.Project.Tests"/>
  <testcase name="checkLogin" time="19.532" classname="com.Booking.Project.Tests"/>
  <testcase name="checkLogin" time="18.146" classname="com.Booking.Project.Tests"/>
</testsuite> <!-- com.Booking.Project.Tests -->
